<?xml version="1.0" encoding="UTF-8"?>
<Site BuildName="(empty)"
	BuildStamp="20240913-1512-Experimental"
	Name="navaneeth-pc"
	Generator="ctest-3.22.1"
	CompilerName="/usr/bin/g++"
	CompilerVersion="11.4.0"
	OSName="Linux"
	Hostname="navaneeth-pc"
	OSRelease="6.8.0-40-generic"
	OSVersion="#40~22.04.3-Ubuntu SMP PREEMPT_DYNAMIC Tue Jul 30 17:30:19 UTC 2"
	OSPlatform="x86_64"
	Is64Bits="1"
	VendorString="GenuineIntel"
	VendorID="Intel Corporation"
	FamilyID="6"
	ModelID="141"
	ProcessorCacheSize="24576"
	NumberOfLogicalCPU="16"
	NumberOfPhysicalCPU="8"
	TotalVirtualMemory="19072"
	TotalPhysicalMemory="31796"
	LogicalProcessorsPerPhysical="2"
	ProcessorClockFrequency="4074.03"
	>
	<Testing>
		<StartDateTime>Sep 13 20:42 IST</StartDateTime>
		<StartTestTime>1726240330</StartTestTime>
		<TestList/>
		<EndDateTime>Sep 13 20:42 IST</EndDateTime>
		<EndTestTime>1726240330</EndTestTime>
		<ElapsedMinutes>0</ElapsedMinutes>
	</Testing>
</Site>
