[0.299s] Invoking command in '/home/vboxuser/Desktop/ROS2Humble/turtlebot3_ws/build/turtlebot3_gazebo': CMAKE_PREFIX_PATH=${CMAKE_PREFIX_PATH}:/home/vboxuser/Desktop/ROS2Humble/basic_ws/install/pubsub:/home/vboxuser/Desktop/ROS2Humble/ros2_ws/install/my_robot_controller:/home/vboxuser/Desktop/ROS2Humble/urdf_ws/install/teleop_agv_keyboard:/opt/ros/humble /usr/bin/cmake /home/vboxuser/Desktop/ROS2Humble/turtlebot3_ws/src/turtlebot3_simulations/turtlebot3_gazebo -DCMAKE_INSTALL_PREFIX=/home/vboxuser/Desktop/ROS2Humble/turtlebot3_ws/install/turtlebot3_gazebo
[2.167s] -- The C compiler identification is GNU 11.4.0
[2.856s] -- The CXX compiler identification is GNU 11.4.0
[2.983s] -- Detecting C compiler ABI info
[3.954s] -- Detecting C compiler ABI info - done
[3.955s] -- Check for working C compiler: /usr/bin/cc - skipped
[3.955s] -- Detecting C compile features
[3.955s] -- Detecting C compile features - done
[3.955s] -- Detecting CXX compiler ABI info
[4.394s] -- Detecting CXX compiler ABI info - done
[4.419s] -- Check for working CXX compiler: /usr/bin/c++ - skipped
[4.419s] -- Detecting CXX compile features
[4.425s] -- Detecting CXX compile features - done
[4.488s] -- Found ament_cmake: 1.3.11 (/opt/ros/humble/share/ament_cmake/cmake)
[4.957s] -- Found Python3: /usr/bin/python3 (found version "3.10.12") found components: Interpreter 
[5.757s] -- Found PkgConfig: /usr/bin/pkg-config (found version "0.29.2") 
[5.757s] -- Checking for module 'bullet>=2.82'
[5.896s] [33mCMake Warning (dev) at /usr/share/cmake-3.22/Modules/FindPackageHandleStandardArgs.cmake:438 (message):
[5.896s]   The package name passed to `find_package_handle_standard_args` (PkgConfig)
[5.978s]   does not match the name of the calling package (gazebo).  This can lead to
[5.984s]   problems in calling code that expects `find_package` result variables
[5.984s]   (e.g., `_FOUND`) to follow a certain pattern.
[5.984s] Call Stack (most recent call first):
[5.984s]   /usr/share/cmake-3.22/Modules/FindPkgConfig.cmake:99 (find_package_handle_standard_args)
[5.984s]   /usr/lib/x86_64-linux-gnu/cmake/gazebo/gazebo-config.cmake:72 (include)
[5.984s]   CMakeLists.txt:23 (find_package)
[5.984s] This warning is for project developers.  Use -Wno-dev to suppress it.
[5.984s] [0m
[5.985s] --   Found bullet, version 3.05
[7.225s] -- Found fcl: /usr/include (found suitable version "0.7.0", minimum required is "0.5.0") 
[7.985s] -- Found assimp: /usr/include (found version "5.2.0") 
[8.123s] -- Found DART: /usr/include (Required is at least version "6.6") found components: dart 
[9.799s] -- Found Boost: /usr/lib/x86_64-linux-gnu/cmake/Boost-1.74.0/BoostConfig.cmake (found suitable version "1.74.0", minimum required is "1.40.0") found components: thread system filesystem program_options regex iostreams date_time 
[9.949s] -- Found Protobuf: /usr/lib/x86_64-linux-gnu/libprotobuf.so (found version "3.12.4") 
[10.003s] -- Looking for ignition-math6 -- found version 6.15.1
[10.065s] -- Searching for dependencies of ignition-math6
[10.118s] -- Looking for OGRE...
[10.121s] -- OGRE_PREFIX_WATCH changed.
[10.139s] -- Checking for module 'OGRE'
[10.232s] --   Found OGRE, version 1.9.0
[10.431s] -- Found Ogre Ghadamon (1.9.0)
[10.450s] -- Found OGRE: optimized;/usr/lib/x86_64-linux-gnu/libOgreMain.so;debug;/usr/lib/x86_64-linux-gnu/libOgreMain.so
[10.461s] -- Looking for OGRE_Paging...
[10.494s] -- Found OGRE_Paging: optimized;/usr/lib/x86_64-linux-gnu/libOgrePaging.so;debug;/usr/lib/x86_64-linux-gnu/libOgrePaging.so
[10.494s] -- Looking for OGRE_Terrain...
[10.510s] -- Found OGRE_Terrain: optimized;/usr/lib/x86_64-linux-gnu/libOgreTerrain.so;debug;/usr/lib/x86_64-linux-gnu/libOgreTerrain.so
[10.510s] -- Looking for OGRE_Property...
[10.526s] -- Found OGRE_Property: optimized;/usr/lib/x86_64-linux-gnu/libOgreProperty.so;debug;/usr/lib/x86_64-linux-gnu/libOgreProperty.so
[10.527s] -- Looking for OGRE_RTShaderSystem...
[10.532s] -- Found OGRE_RTShaderSystem: optimized;/usr/lib/x86_64-linux-gnu/libOgreRTShaderSystem.so;debug;/usr/lib/x86_64-linux-gnu/libOgreRTShaderSystem.so
[10.532s] -- Looking for OGRE_Volume...
[10.547s] -- Found OGRE_Volume: optimized;/usr/lib/x86_64-linux-gnu/libOgreVolume.so;debug;/usr/lib/x86_64-linux-gnu/libOgreVolume.so
[10.547s] -- Looking for OGRE_Overlay...
[10.553s] -- Found OGRE_Overlay: optimized;/usr/lib/x86_64-linux-gnu/libOgreOverlay.so;debug;/usr/lib/x86_64-linux-gnu/libOgreOverlay.so
[10.790s] -- Looking for ignition-math6 -- found version 6.15.1
[10.807s] -- Looking for ignition-transport8 -- found version 8.2.1
[10.808s] -- Searching for dependencies of ignition-transport8
[10.837s] -- Found Protobuf: /usr/lib/x86_64-linux-gnu/libprotobuf.so (found suitable version "3.12.4", minimum required is "3") 
[10.848s] -- Config-file not installed for ZeroMQ -- checking for pkg-config
[10.862s] -- Checking for module 'libzmq >= 4'
[10.981s] --   Found libzmq , version 4.3.4
[11.144s] -- Found ZeroMQ: TRUE (Required is at least version "4") 
[11.173s] -- Checking for module 'uuid'
[11.230s] --   Found uuid, version 2.37.2
[11.575s] -- Found UUID: TRUE  
[11.576s] -- Looking for ignition-msgs5 -- found version 5.8.1
[11.577s] -- Searching for dependencies of ignition-msgs5
[11.602s] -- Looking for ignition-math6 -- found version 6.15.1
[11.652s] -- Checking for module 'tinyxml2'
[11.774s] --   Found tinyxml2, version 9.0.0
[12.040s] -- Looking for ignition-msgs5 -- found version 5.8.1
[12.056s] -- Looking for ignition-common3 -- found version 3.14.0
[12.134s] -- Searching for dependencies of ignition-common3
[12.134s] -- Looking for dlfcn.h - found
[12.136s] -- Looking for libdl - found
[12.137s] -- Found DL: TRUE  
[12.138s] -- Found tinyobjloader: /usr/lib/x86_64-linux-gnu/cmake/tinyobjloader/tinyobjloader-config.cmake (found version "2.0.0") 
[12.138s] -- Searching for <ignition-common3> component [graphics]
[12.140s] -- Looking for ignition-common3-graphics -- found version 3.14.0
[12.140s] -- Searching for dependencies of ignition-common3-graphics
[12.140s] -- Looking for ignition-math6 -- found version 6.15.1
[12.141s] -- Looking for ignition-fuel_tools4 -- found version 4.4.0
[12.141s] -- Searching for dependencies of ignition-fuel_tools4
[12.423s] -- Found CURL: /usr/lib/x86_64-linux-gnu/libcurl.so (found version "7.81.0")  
[12.464s] -- Checking for module 'jsoncpp'
[12.526s] --   Found jsoncpp, version 1.9.5
[12.698s] -- Found JSONCPP: TRUE  
[12.760s] -- Checking for module 'libzip'
[12.818s] --   Found libzip, version 1.7.3
[13.138s] -- Found ZIP: TRUE  
[13.143s] -- Looking for ignition-common3 -- found version 3.14.0
[13.143s] -- Looking for ignition-math6 -- found version 6.15.1
[13.143s] -- Looking for ignition-msgs5 -- found version 5.8.1
[13.202s] -- Found gazebo_ros_pkgs: 3.9.0 (/opt/ros/humble/share/gazebo_ros_pkgs/cmake)
[13.238s] -- Found geometry_msgs: 4.2.4 (/opt/ros/humble/share/geometry_msgs/cmake)
[13.498s] -- Found rosidl_generator_c: 3.1.6 (/opt/ros/humble/share/rosidl_generator_c/cmake)
[13.530s] -- Found rosidl_adapter: 3.1.6 (/opt/ros/humble/share/rosidl_adapter/cmake)
[13.612s] -- Found rosidl_generator_cpp: 3.1.6 (/opt/ros/humble/share/rosidl_generator_cpp/cmake)
[13.685s] -- Using all available rosidl_typesupport_c: rosidl_typesupport_fastrtps_c;rosidl_typesupport_introspection_c
[13.874s] -- Using all available rosidl_typesupport_cpp: rosidl_typesupport_fastrtps_cpp;rosidl_typesupport_introspection_cpp
[14.396s] -- Found nav_msgs: 4.2.4 (/opt/ros/humble/share/nav_msgs/cmake)
[14.699s] -- Found rclcpp: 16.0.11 (/opt/ros/humble/share/rclcpp/cmake)
[15.994s] -- Found rmw_implementation_cmake: 6.1.2 (/opt/ros/humble/share/rmw_implementation_cmake/cmake)
[16.010s] -- Found rmw_fastrtps_cpp: 6.2.7 (/opt/ros/humble/share/rmw_fastrtps_cpp/cmake)
[17.121s] -- Found OpenSSL: /usr/lib/x86_64-linux-gnu/libcrypto.so (found version "3.0.2")  
[17.202s] -- Found FastRTPS: /opt/ros/humble/include  
[17.316s] -- Using RMW implementation 'rmw_fastrtps_cpp' as default
[17.405s] -- Found Threads: TRUE  
[17.795s] -- Found sensor_msgs: 4.2.4 (/opt/ros/humble/share/sensor_msgs/cmake)
[18.024s] -- Found tf2: 0.25.11 (/opt/ros/humble/share/tf2/cmake)
[18.554s] -- Configuring done
[18.700s] -- Generating done
[18.717s] -- Build files have been written to: /home/vboxuser/Desktop/ROS2Humble/turtlebot3_ws/build/turtlebot3_gazebo
[18.786s] Invoked command in '/home/vboxuser/Desktop/ROS2Humble/turtlebot3_ws/build/turtlebot3_gazebo' returned '0': CMAKE_PREFIX_PATH=${CMAKE_PREFIX_PATH}:/home/vboxuser/Desktop/ROS2Humble/basic_ws/install/pubsub:/home/vboxuser/Desktop/ROS2Humble/ros2_ws/install/my_robot_controller:/home/vboxuser/Desktop/ROS2Humble/urdf_ws/install/teleop_agv_keyboard:/opt/ros/humble /usr/bin/cmake /home/vboxuser/Desktop/ROS2Humble/turtlebot3_ws/src/turtlebot3_simulations/turtlebot3_gazebo -DCMAKE_INSTALL_PREFIX=/home/vboxuser/Desktop/ROS2Humble/turtlebot3_ws/install/turtlebot3_gazebo
[18.792s] Invoking command in '/home/vboxuser/Desktop/ROS2Humble/turtlebot3_ws/build/turtlebot3_gazebo': CMAKE_PREFIX_PATH=${CMAKE_PREFIX_PATH}:/home/vboxuser/Desktop/ROS2Humble/basic_ws/install/pubsub:/home/vboxuser/Desktop/ROS2Humble/ros2_ws/install/my_robot_controller:/home/vboxuser/Desktop/ROS2Humble/urdf_ws/install/teleop_agv_keyboard:/opt/ros/humble /usr/bin/cmake --build /home/vboxuser/Desktop/ROS2Humble/turtlebot3_ws/build/turtlebot3_gazebo -- -j7 -l7
[19.027s] [ 25%] [32mBuilding CXX object CMakeFiles/obstacle2.dir/models/turtlebot3_dqn_world/obstacle_plugin/obstacle2.cc.o[0m
[19.027s] [ 25%] [32mBuilding CXX object CMakeFiles/obstacles.dir/models/turtlebot3_dqn_world/obstacle_plugin/obstacles.cc.o[0m
[19.092s] [ 37%] [32mBuilding CXX object CMakeFiles/turtlebot3_drive.dir/src/turtlebot3_drive.cpp.o[0m
[19.146s] [ 50%] [32mBuilding CXX object CMakeFiles/obstacle1.dir/models/turtlebot3_dqn_world/obstacle_plugin/obstacle1.cc.o[0m
[1426.118s] gmake[2]: *** [CMakeFiles/obstacle2.dir/build.make:76: CMakeFiles/obstacle2.dir/models/turtlebot3_dqn_world/obstacle_plugin/obstacle2.cc.o] Interrupt
[1426.567s] gmake[2]: *** [CMakeFiles/obstacle1.dir/build.make:76: CMakeFiles/obstacle1.dir/models/turtlebot3_dqn_world/obstacle_plugin/obstacle1.cc.o] Interrupt
[1426.567s] gmake[2]: *** [CMakeFiles/obstacles.dir/build.make:76: CMakeFiles/obstacles.dir/models/turtlebot3_dqn_world/obstacle_plugin/obstacles.cc.o] Interrupt
[1426.567s] gmake[1]: *** [CMakeFiles/Makefile2:169: CMakeFiles/obstacle1.dir/all] Interrupt
[1426.567s] gmake[1]: *** [CMakeFiles/Makefile2:195: CMakeFiles/obstacle2.dir/all] Interrupt
[1426.568s] gmake[1]: *** [CMakeFiles/Makefile2:221: CMakeFiles/obstacles.dir/all] Interrupt
[1426.568s] gmake[2]: *** [CMakeFiles/turtlebot3_drive.dir/build.make:76: CMakeFiles/turtlebot3_drive.dir/src/turtlebot3_drive.cpp.o] Interrupt
[1426.568s] gmake[1]: *** [CMakeFiles/Makefile2:143: CMakeFiles/turtlebot3_drive.dir/all] Interrupt
[1426.568s] gmake: *** [Makefile:146: all] Interrupt
[1427.877s] Invoked command in '/home/vboxuser/Desktop/ROS2Humble/turtlebot3_ws/build/turtlebot3_gazebo' returned '-2': CMAKE_PREFIX_PATH=${CMAKE_PREFIX_PATH}:/home/vboxuser/Desktop/ROS2Humble/basic_ws/install/pubsub:/home/vboxuser/Desktop/ROS2Humble/ros2_ws/install/my_robot_controller:/home/vboxuser/Desktop/ROS2Humble/urdf_ws/install/teleop_agv_keyboard:/opt/ros/humble /usr/bin/cmake --build /home/vboxuser/Desktop/ROS2Humble/turtlebot3_ws/build/turtlebot3_gazebo -- -j7 -l7
